2025-08-20 18:54:52,670 - INFO - 日志系统初始化完成
2025-08-20 18:54:52,671 - INFO - 目录结构创建完成
2025-08-20 18:54:52,671 - INFO - 加载spaCy模型: zh_core_web_sm
2025-08-20 18:54:53,064 - INFO - spaCy模型加载成功
2025-08-20 18:54:56,880 - INFO - 日志系统初始化完成
2025-08-20 18:54:56,880 - INFO - 目录结构创建完成
2025-08-20 18:54:56,880 - INFO - 加载spaCy模型: zh_core_web_sm
2025-08-20 18:54:57,261 - INFO - spaCy模型加载成功
2025-08-20 18:54:57,262 - INFO - 开始处理音频文件: test_meeting.mp3
2025-08-20 18:54:57,262 - INFO - 步骤1: 开始音频转录
2025-08-20 18:54:57,262 - INFO - 转录音频: test_meeting.mp3
2025-08-20 18:54:57,262 - INFO - 转录完成，文本长度: 190 字符
2025-08-20 18:54:57,262 - INFO - 步骤2: 开始人名匿名化
2025-08-20 18:54:57,262 - INFO - 开始人名匿名化处理
2025-08-20 18:54:57,280 - INFO - 匿名化完成，替换了 3 个人名
2025-08-20 18:54:57,281 - INFO - 人名匿名化映射: {'张三': '人员1', '李四': '人员2', '赵六': '人员3'}
2025-08-20 18:54:57,281 - INFO - 步骤3: 开始AI内容生成
2025-08-20 18:54:57,281 - INFO - 生成内容摘要
2025-08-20 18:54:57,420 - ERROR - 摘要生成失败: API调用失败，状态码: 401，响应: {"error":{"message":"No auth credentials found","code":401}}
2025-08-20 18:54:57,421 - INFO - 生成思维导图
2025-08-20 18:54:57,545 - ERROR - 思维导图生成失败: API调用失败，状态码: 401，响应: {"error":{"message":"No auth credentials found","code":401}}
2025-08-20 18:54:57,546 - INFO - 步骤4: 保存处理结果
2025-08-20 18:54:57,547 - INFO - 结果已保存: output/test_meeting_result.md
2025-08-20 18:54:57,547 - INFO - 处理完成: test_meeting.mp3 (耗时: 0.29秒)
2025-08-20 18:54:57,547 - INFO - 开始处理音频文件: tech_lecture.wav
2025-08-20 18:54:57,547 - INFO - 步骤1: 开始音频转录
2025-08-20 18:54:57,547 - INFO - 转录音频: tech_lecture.wav
2025-08-20 18:54:57,547 - INFO - 转录完成，文本长度: 150 字符
2025-08-20 18:54:57,548 - INFO - 步骤2: 开始人名匿名化
2025-08-20 18:54:57,548 - INFO - 开始人名匿名化处理
2025-08-20 18:54:57,576 - INFO - 匿名化完成，替换了 2 个人名
2025-08-20 18:54:57,577 - INFO - 人名匿名化映射: {'陈明': '人员4', '刘华': '人员5'}
2025-08-20 18:54:57,577 - INFO - 步骤3: 开始AI内容生成
2025-08-20 18:54:57,577 - INFO - 生成内容摘要
2025-08-20 18:54:57,765 - ERROR - 摘要生成失败: API调用失败，状态码: 401，响应: {"error":{"message":"No auth credentials found","code":401}}
2025-08-20 18:54:57,767 - INFO - 生成思维导图
2025-08-20 18:54:57,946 - ERROR - 思维导图生成失败: API调用失败，状态码: 401，响应: {"error":{"message":"No auth credentials found","code":401}}
2025-08-20 18:54:57,948 - INFO - 步骤4: 保存处理结果
2025-08-20 18:54:57,948 - INFO - 结果已保存: output/tech_lecture_result.md
2025-08-20 18:54:57,948 - INFO - 处理完成: tech_lecture.wav (耗时: 0.40秒)
2025-08-20 18:54:57,949 - INFO - 开始处理音频文件: discussion.m4a
2025-08-20 18:54:57,949 - INFO - 步骤1: 开始音频转录
2025-08-20 18:54:57,949 - INFO - 转录音频: discussion.m4a
2025-08-20 18:54:57,949 - INFO - 转录完成，文本长度: 141 字符
2025-08-20 18:54:57,949 - INFO - 步骤2: 开始人名匿名化
2025-08-20 18:54:57,949 - INFO - 开始人名匿名化处理
2025-08-20 18:54:57,975 - INFO - 匿名化完成，替换了 3 个人名
2025-08-20 18:54:57,975 - INFO - 人名匿名化映射: {'马云': '人员6', '马化腾': '人员7', '李彦宏': '人员8'}
2025-08-20 18:54:57,976 - INFO - 步骤3: 开始AI内容生成
2025-08-20 18:54:57,976 - INFO - 生成内容摘要
2025-08-20 18:54:58,091 - ERROR - 摘要生成失败: API调用失败，状态码: 401，响应: {"error":{"message":"No auth credentials found","code":401}}
2025-08-20 18:54:58,093 - INFO - 生成思维导图
2025-08-20 18:54:58,280 - ERROR - 思维导图生成失败: API调用失败，状态码: 401，响应: {"error":{"message":"No auth credentials found","code":401}}
2025-08-20 18:54:58,280 - INFO - 步骤4: 保存处理结果
2025-08-20 18:54:58,281 - INFO - 结果已保存: output/discussion_result.md
2025-08-20 18:54:58,281 - INFO - 处理完成: discussion.m4a (耗时: 0.33秒)
